<?xml version="1.0" encoding="UTF-8"?>
<!-- Generated by org.testng.reporters.JUnitReportReporter -->
<testsuite hostname="DESKTOP-BOLUCL2" name="com.ibm.jenkindemo.firstJenkinMvnTest" tests="1" failures="0" timestamp="20 Aug 2019 04:18:24 GMT" time="0.009" errors="0">
  <testcase name="f" time="0.009" classname="com.ibm.jenkindemo.firstJenkinMvnTest"/>
</testsuite> <!-- com.ibm.jenkindemo.firstJenkinMvnTest -->
